[debug] [2020-12-02T18:38:58.599Z] ----------------------------------------------------------------------
[debug] [2020-12-02T18:38:58.600Z] Command:       C:\Program Files\nodejs\node.exe C:\Users\Sergio\AppData\Roaming\npm\node_modules\firebase-tools\lib\bin\firebase.js login
[debug] [2020-12-02T18:38:58.601Z] CLI Version:   8.16.2
[debug] [2020-12-02T18:38:58.601Z] Platform:      win32
[debug] [2020-12-02T18:38:58.601Z] Node Version:  v14.15.0
[debug] [2020-12-02T18:38:58.602Z] Time:          Wed Dec 02 2020 19:38:58 GMT+0100 (hora estándar de Europa central)
[debug] [2020-12-02T18:38:58.602Z] ----------------------------------------------------------------------
[debug] [2020-12-02T18:38:58.602Z] 
[info] i  Firebase optionally collects CLI usage and error reporting information to help improve our products. Data is collected in accordance with Google's privacy policy (https://policies.google.com/privacy) and is not used to identify you.
 
[info] 
[info] Visit this URL on this device to log in:
[info] https://accounts.google.com/o/oauth2/auth?client_id=563584335869-fgrhgmd47bqnekij5i8b5pr03ho849e6.apps.googleusercontent.com&scope=email%20openid%20https%3A%2F%2Fwww.googleapis.com%2Fauth%2Fcloudplatformprojects.readonly%20https%3A%2F%2Fwww.googleapis.com%2Fauth%2Ffirebase%20https%3A%2F%2Fwww.googleapis.com%2Fauth%2Fcloud-platform&response_type=code&state=529800066&redirect_uri=http%3A%2F%2Flocalhost%3A9005
[info] 
[info] Waiting for authentication...
[debug] [2020-12-02T18:39:01.262Z] Error: spawn cmd ENOENT
    at Process.ChildProcess._handle.onexit (internal/child_process.js:269:19)
    at onErrorNT (internal/child_process.js:465:16)
    at processTicksAndRejections (internal/process/task_queues.js:80:21)
[error] 
[error] Error: An unexpected error has occurred.
[debug] [2020-12-02T18:50:35.091Z] ----------------------------------------------------------------------
[debug] [2020-12-02T18:50:35.093Z] Command:       C:\Program Files\nodejs\node.exe C:\Users\Sergio\AppData\Roaming\npm\node_modules\firebase-tools\lib\bin\firebase.js login
[debug] [2020-12-02T18:50:35.094Z] CLI Version:   8.16.2
[debug] [2020-12-02T18:50:35.094Z] Platform:      win32
[debug] [2020-12-02T18:50:35.094Z] Node Version:  v14.15.0
[debug] [2020-12-02T18:50:35.095Z] Time:          Wed Dec 02 2020 19:50:35 GMT+0100 (hora estándar de Europa central)
[debug] [2020-12-02T18:50:35.095Z] ----------------------------------------------------------------------
[debug] [2020-12-02T18:50:35.095Z] 
[info] i  Firebase optionally collects CLI usage and error reporting information to help improve our products. Data is collected in accordance with Google's privacy policy (https://policies.google.com/privacy) and is not used to identify you.
 
[info] 
[info] Visit this URL on this device to log in:
[info] https://accounts.google.com/o/oauth2/auth?client_id=563584335869-fgrhgmd47bqnekij5i8b5pr03ho849e6.apps.googleusercontent.com&scope=email%20openid%20https%3A%2F%2Fwww.googleapis.com%2Fauth%2Fcloudplatformprojects.readonly%20https%3A%2F%2Fwww.googleapis.com%2Fauth%2Ffirebase%20https%3A%2F%2Fwww.googleapis.com%2Fauth%2Fcloud-platform&response_type=code&state=638921191&redirect_uri=http%3A%2F%2Flocalhost%3A9005
[info] 
[info] Waiting for authentication...
[debug] [2020-12-02T18:50:36.717Z] Error: spawn cmd ENOENT
    at Process.ChildProcess._handle.onexit (internal/child_process.js:269:19)
    at onErrorNT (internal/child_process.js:465:16)
    at processTicksAndRejections (internal/process/task_queues.js:80:21)
[error] 
[error] Error: An unexpected error has occurred.
